::1 - - [23/Aug/2020:09:15:57 +0000] "GET /category// HTTP/1.1" 404 149 "-" "PostmanRuntime/7.26.3"
::1 - - [23/Aug/2020:09:16:03 +0000] "GET /category?page=2&size=4 HTTP/1.1" 404 147 "-" "PostmanRuntime/7.26.3"
::1 - - [23/Aug/2020:09:16:15 +0000] "POST /category HTTP/1.1" 404 148 "-" "PostmanRuntime/7.26.3"
::1 - - [23/Aug/2020:09:19:03 +0000] "GET /api/v1/product HTTP/1.1" - - "-" "PostmanRuntime/7.26.3"
::1 - - [23/Aug/2020:09:21:42 +0000] "GET /category?page=2&size=4 HTTP/1.1" 404 147 "-" "PostmanRuntime/7.26.3"
::1 - - [23/Aug/2020:09:24:43 +0000] "GET /category?page=2&size=4 HTTP/1.1" 404 147 "-" "PostmanRuntime/7.26.3"
::1 - - [23/Aug/2020:09:42:13 +0000] "GET /account HTTP/1.1" 404 146 "-" "PostmanRuntime/7.26.3"
::1 - - [23/Aug/2020:09:43:00 +0000] "GET /product/ HTTP/1.1" 404 147 "-" "PostmanRuntime/7.26.3"
::1 - - [23/Aug/2020:10:40:58 +0000] "DELETE /category/ HTTP/1.1" 404 151 "-" "PostmanRuntime/7.26.3"
::1 - - [23/Aug/2020:10:41:12 +0000] "GET /account HTTP/1.1" 404 146 "-" "PostmanRuntime/7.26.3"
::1 - - [23/Aug/2020:10:42:48 +0000] "POST /product HTTP/1.1" 404 147 "-" "PostmanRuntime/7.26.3"
::1 - - [23/Aug/2020:10:43:04 +0000] "GET /api/v1/product HTTP/1.1" - - "-" "PostmanRuntime/7.26.3"
::1 - - [23/Aug/2020:10:43:10 +0000] "PUT /api/v1/product/ HTTP/1.1" 404 154 "-" "PostmanRuntime/7.26.3"
::1 - - [23/Aug/2020:10:43:21 +0000] "DELETE /api/v1/product HTTP/1.1" 404 156 "-" "PostmanRuntime/7.26.3"
::1 - - [23/Aug/2020:10:43:31 +0000] "GET /account HTTP/1.1" 404 146 "-" "PostmanRuntime/7.26.3"
::1 - - [23/Aug/2020:10:47:22 +0000] "GET /api/v1/order HTTP/1.1" - - "-" "PostmanRuntime/7.26.3"
::1 - - [23/Aug/2020:11:51:14 +0000] "GET /category?page=2&size=4 HTTP/1.1" 404 147 "-" "PostmanRuntime/7.26.3"
::1 - - [23/Aug/2020:12:01:41 +0000] "GET /api/v1/category HTTP/1.1" - - "-" "PostmanRuntime/7.26.3"
::1 - - [23/Aug/2020:12:18:24 +0000] "GET /api/v1/category HTTP/1.1" - - "-" "PostmanRuntime/7.26.3"
::1 - - [23/Aug/2020:12:26:05 +0000] "GET /api/v1/category HTTP/1.1" - - "-" "PostmanRuntime/7.26.3"
::1 - - [23/Aug/2020:12:28:13 +0000] "GET /api/v1/category HTTP/1.1" - - "-" "PostmanRuntime/7.26.3"
::1 - - [23/Aug/2020:12:32:01 +0000] "GET /api/v1/category HTTP/1.1" - - "-" "PostmanRuntime/7.26.3"
::1 - - [23/Aug/2020:12:48:18 +0000] "GET /api/v1/category HTTP/1.1" - - "-" "PostmanRuntime/7.26.3"
::1 - - [23/Aug/2020:12:53:42 +0000] "GET /api/v1/category HTTP/1.1" 200 2657 "-" "PostmanRuntime/7.26.3"
::1 - - [23/Aug/2020:13:13:17 +0000] "GET /category// HTTP/1.1" 404 149 "-" "PostmanRuntime/7.26.3"
::1 - - [23/Aug/2020:13:14:16 +0000] "GET /api/v1/category HTTP/1.1" 200 2657 "-" "PostmanRuntime/7.26.3"
::1 - - [23/Aug/2020:13:14:34 +0000] "GET /category//?=338935db-4990-3f62-a75c-ce7512a0dd31 HTTP/1.1" 404 149 "-" "PostmanRuntime/7.26.3"
::1 - - [23/Aug/2020:13:15:07 +0000] "GET /api/v1/category HTTP/1.1" 200 2657 "-" "PostmanRuntime/7.26.3"
::1 - - [23/Aug/2020:13:15:32 +0000] "GET /api/v1/category HTTP/1.1" 200 2657 "-" "PostmanRuntime/7.26.3"
::1 - - [23/Aug/2020:13:18:35 +0000] "GET /category//?=338935db-4990-3f62-a75c-ce7512a0dd31 HTTP/1.1" 404 149 "-" "PostmanRuntime/7.26.3"
::1 - - [23/Aug/2020:13:19:20 +0000] "GET /category/338935db-4990-3f62-a75c-ce7512a0dd31 HTTP/1.1" 404 184 "-" "PostmanRuntime/7.26.3"
::1 - - [23/Aug/2020:13:19:49 +0000] "GET /category/338935db-4990-3f62-a75c-ce7512a0dd31 HTTP/1.1" 404 184 "-" "PostmanRuntime/7.26.3"
::1 - - [23/Aug/2020:13:21:06 +0000] "GET /category/338935db-4990-3f62-a75c-ce7512a0dd31 HTTP/1.1" 404 184 "-" "PostmanRuntime/7.26.3"
::1 - - [23/Aug/2020:13:21:24 +0000] "GET /category/ HTTP/1.1" 404 148 "-" "PostmanRuntime/7.26.3"
::1 - - [23/Aug/2020:13:22:13 +0000] "GET /api/v1/category/ HTTP/1.1" 200 2657 "-" "PostmanRuntime/7.26.3"
::1 - - [23/Aug/2020:13:32:25 +0000] "GET /api/v1/category/ HTTP/1.1" 200 2657 "-" "PostmanRuntime/7.26.3"
::1 - - [23/Aug/2020:13:44:31 +0000] "GET /api/v1/category/ HTTP/1.1" 200 2647 "-" "PostmanRuntime/7.26.3"
::1 - - [23/Aug/2020:13:46:31 +0000] "POST /category HTTP/1.1" 404 148 "-" "PostmanRuntime/7.26.3"
::1 - - [23/Aug/2020:13:47:03 +0000] "GET /api/v1/category HTTP/1.1" 200 2647 "-" "PostmanRuntime/7.26.3"
::1 - - [23/Aug/2020:13:56:11 +0000] "DELETE /category/a HTTP/1.1" 404 152 "-" "PostmanRuntime/7.26.3"
::1 - - [23/Aug/2020:13:59:24 +0000] "GET /api/v1/category HTTP/1.1" 200 2296 "-" "PostmanRuntime/7.26.3"
::1 - - [23/Aug/2020:16:50:13 +0000] "GET /api/v1/product HTTP/1.1" 200 4918 "-" "PostmanRuntime/7.26.3"
::1 - - [23/Aug/2020:16:51:33 +0000] "GET /account HTTP/1.1" 404 146 "-" "PostmanRuntime/7.26.3"
::1 - - [23/Aug/2020:16:52:07 +0000] "GET /api/v1/account HTTP/1.1" 404 153 "-" "PostmanRuntime/7.26.3"
::1 - - [23/Aug/2020:16:52:30 +0000] "GET /api/v1/account HTTP/1.1" 404 153 "-" "PostmanRuntime/7.26.3"
::1 - - [23/Aug/2020:16:54:45 +0000] "GET /api/v1/order HTTP/1.1" - - "-" "PostmanRuntime/7.26.3"
::1 - - [23/Aug/2020:16:59:50 +0000] "GET /api/v1/order HTTP/1.1" - - "-" "PostmanRuntime/7.26.3"
