::1 - - [23/Aug/2020:17:03:39 +0000] "GET /api/v1/order HTTP/1.1" - - "-" "PostmanRuntime/7.26.3"
::1 - - [23/Aug/2020:17:13:29 +0000] "GET /api/v1/order HTTP/1.1" - - "-" "PostmanRuntime/7.26.3"
::1 - - [24/Aug/2020:20:46:35 +0000] "GET /api/v1/parameter HTTP/1.1" 404 155 "-" "PostmanRuntime/7.26.3"
::1 - - [24/Aug/2020:20:47:02 +0000] "GET /api/v1/category HTTP/1.1" 200 1816 "-" "PostmanRuntime/7.26.3"
::1 - - [24/Aug/2020:22:06:29 +0000] "GET /api/v1/order HTTP/1.1" - - "-" "PostmanRuntime/7.26.3"
::1 - - [30/Aug/2020:08:51:30 +0000] "GET /api/v1/category HTTP/1.1" 200 1816 "-" "PostmanRuntime/7.26.3"
::1 - - [30/Aug/2020:08:51:44 +0000] "GET /api/v1/category/ HTTP/1.1" 200 1816 "-" "PostmanRuntime/7.26.3"
::1 - - [30/Aug/2020:08:53:49 +0000] "DELETE /category/a HTTP/1.1" 404 152 "-" "PostmanRuntime/7.26.3"
::1 - - [30/Aug/2020:08:54:02 +0000] "DELETE /category/a HTTP/1.1" 404 152 "-" "PostmanRuntime/7.26.3"
::1 - - [30/Aug/2020:09:05:16 +0000] "DELETE /category/a HTTP/1.1" 404 152 "-" "PostmanRuntime/7.26.3"
::1 - - [30/Aug/2020:09:05:26 +0000] "GET /api/v1/product HTTP/1.1" 200 4918 "-" "PostmanRuntime/7.26.3"
::1 - - [30/Aug/2020:09:05:30 +0000] "GET /product/ HTTP/1.1" 404 147 "-" "PostmanRuntime/7.26.3"
::1 - - [30/Aug/2020:09:06:05 +0000] "GET /api/v1/product/ HTTP/1.1" 200 4918 "-" "PostmanRuntime/7.26.3"
::1 - - [30/Aug/2020:09:06:15 +0000] "POST /product HTTP/1.1" 404 147 "-" "PostmanRuntime/7.26.3"
::1 - - [30/Aug/2020:09:06:57 +0000] "POST /api/v1/product HTTP/1.1" 200 2 "-" "PostmanRuntime/7.26.3"
::1 - - [30/Aug/2020:09:54:08 +0000] "PUT /api/v1/product/ HTTP/1.1" 404 154 "-" "PostmanRuntime/7.26.3"
::1 - - [30/Aug/2020:09:54:12 +0000] "DELETE /api/v1/product HTTP/1.1" 404 156 "-" "PostmanRuntime/7.26.3"
::1 - - [30/Aug/2020:09:54:16 +0000] "GET /api/v1/account HTTP/1.1" 404 153 "-" "PostmanRuntime/7.26.3"
::1 - - [30/Aug/2020:09:55:02 +0000] "GET /api/v1/account/ HTTP/1.1" 404 154 "-" "PostmanRuntime/7.26.3"
::1 - - [30/Aug/2020:09:55:23 +0000] "POST /api/v1/account HTTP/1.1" 404 154 "-" "PostmanRuntime/7.26.3"
::1 - - [30/Aug/2020:09:55:37 +0000] "PUT /api/v1/account/ HTTP/1.1" 404 154 "-" "PostmanRuntime/7.26.3"
::1 - - [30/Aug/2020:09:55:41 +0000] "DELETE /api/v1/account/ HTTP/1.1" 404 157 "-" "PostmanRuntime/7.26.3"
::1 - - [30/Aug/2020:09:56:11 +0000] "POST /api/v1/account HTTP/1.1" 404 154 "-" "PostmanRuntime/7.26.3"
::1 - - [30/Aug/2020:09:56:26 +0000] "GET /api/v1/account/ HTTP/1.1" 404 154 "-" "PostmanRuntime/7.26.3"
::1 - - [30/Aug/2020:09:56:39 +0000] "PUT /api/v1/account/ HTTP/1.1" 404 154 "-" "PostmanRuntime/7.26.3"
::1 - - [30/Aug/2020:09:56:56 +0000] "PUT /api/v1/order/ HTTP/1.1" 404 152 "-" "PostmanRuntime/7.26.3"
::1 - - [30/Aug/2020:09:57:07 +0000] "POST /api/v1/order HTTP/1.1" 200 2 "-" "PostmanRuntime/7.26.3"
::1 - - [30/Aug/2020:09:57:34 +0000] "DELETE /api/v1/order/ HTTP/1.1" 404 155 "-" "PostmanRuntime/7.26.3"
::1 - - [30/Aug/2020:09:57:55 +0000] "GET /api/v1/order HTTP/1.1" - - "-" "PostmanRuntime/7.26.3"
::1 - - [30/Aug/2020:09:59:20 +0000] "GET /api/v1/order/ HTTP/1.1" - - "-" "PostmanRuntime/7.26.3"
::1 - - [30/Aug/2020:11:51:02 +0000] "GET /api/v1/category HTTP/1.1" 200 1816 "-" "PostmanRuntime/7.26.3"
::1 - - [30/Aug/2020:11:51:07 +0000] "GET /api/v1/category/ HTTP/1.1" 200 1816 "-" "PostmanRuntime/7.26.3"
::1 - - [30/Aug/2020:11:51:50 +0000] "DELETE /category/a HTTP/1.1" 404 152 "-" "PostmanRuntime/7.26.3"
::1 - - [30/Aug/2020:11:54:55 +0000] "GET /api/v1/product HTTP/1.1" 200 4918 "-" "PostmanRuntime/7.26.3"
::1 - - [30/Aug/2020:11:55:00 +0000] "GET /api/v1/product/ HTTP/1.1" 200 4918 "-" "PostmanRuntime/7.26.3"
::1 - - [30/Aug/2020:11:55:04 +0000] "POST /api/v1/product HTTP/1.1" 200 2 "-" "PostmanRuntime/7.26.3"
::1 - - [30/Aug/2020:11:55:07 +0000] "DELETE /api/v1/product HTTP/1.1" 404 156 "-" "PostmanRuntime/7.26.3"
::1 - - [03/Sep/2020:09:47:50 +0000] "GET /api/v1/category HTTP/1.1" 200 1816 "-" "PostmanRuntime/7.26.3"
::1 - - [03/Sep/2020:09:48:01 +0000] "GET /api/v1/product HTTP/1.1" 200 4918 "-" "PostmanRuntime/7.26.3"
::1 - - [03/Sep/2020:09:48:15 +0000] "GET /api/v1/account HTTP/1.1" 404 153 "-" "PostmanRuntime/7.26.3"
::1 - - [03/Sep/2020:09:50:22 +0000] "GET /api/v1/order HTTP/1.1" - - "-" "PostmanRuntime/7.26.3"
::1 - - [09/Sep/2020:16:38:56 +0000] "GET /api/v1/product HTTP/1.1" 200 4918 "-" "PostmanRuntime/7.26.3"
::1 - - [09/Sep/2020:16:41:12 +0000] "GET /api/v1/order HTTP/1.1" - - "-" "PostmanRuntime/7.26.3"
